GreedySnake/app/build/outputs/logs/manifest-merger-debug-report.txt
-- Merging decision tree log ---
manifest
ADDED from src/main/AndroidManifest.xml:2:1-144:12
	xmlns:android
		ADDED from src/main/AndroidManifest.xml:2:11-69
	package
		ADDED from src/main/AndroidManifest.xml:3:5-51
		INJECTED from src/main/AndroidManifest.xml
		INJECTED from src/main/AndroidManifest.xml
	android:versionName
		INJECTED from src/main/AndroidManifest.xml
		INJECTED from src/main/AndroidManifest.xml
	android:versionCode
		INJECTED from src/main/AndroidManifest.xml
		INJECTED from src/main/AndroidManifest.xml
application
ADDED from src/main/AndroidManifest.xml:5:5-142:19
MERGED from [com.android.support:appcompat-v7:23.1.0] AndroidManifest.xml:22:5-20
MERGED from [com.android.support:support-v4:23.1.0] AndroidManifest.xml:22:5-20
MERGED from [com.android.support:design:23.1.0] AndroidManifest.xml:22:5-20
MERGED from [com.android.support:appcompat-v7:23.1.0] AndroidManifest.xml:22:5-20
MERGED from [com.android.support:support-v4:23.1.0] AndroidManifest.xml:22:5-20
MERGED from [com.android.support:support-v4:23.1.0] AndroidManifest.xml:22:5-20
MERGED from [com.android.support:support-v4:23.1.0] AndroidManifest.xml:22:5-20
	android:supportsRtl
		ADDED from src/main/AndroidManifest.xml:9:9-35
	android:label
		ADDED from src/main/AndroidManifest.xml:8:9-41
	android:allowBackup
		ADDED from src/main/AndroidManifest.xml:6:9-35
	android:icon
		ADDED from src/main/AndroidManifest.xml:7:9-43
	android:theme
		ADDED from src/main/AndroidManifest.xml:10:9-40
activity#com.example.sorayyaniazi.greedysnake.WelcomeActivity
ADDED from src/main/AndroidManifest.xml:11:9-20:20
	android:label
		ADDED from src/main/AndroidManifest.xml:13:13-45
	android:theme
		ADDED from src/main/AndroidManifest.xml:14:13-56
	android:name
		ADDED from src/main/AndroidManifest.xml:12:13-44
intent-filter#android.intent.action.MAIN+android.intent.category.LAUNCHER
ADDED from src/main/AndroidManifest.xml:15:13-19:29
action#android.intent.action.MAIN
ADDED from src/main/AndroidManifest.xml:16:17-69
	android:name
		ADDED from src/main/AndroidManifest.xml:16:25-66
category#android.intent.category.LAUNCHER
ADDED from src/main/AndroidManifest.xml:18:17-77
	android:name
		ADDED from src/main/AndroidManifest.xml:18:27-74
activity#com.example.sorayyaniazi.greedysnake.HelpActivity
ADDED from src/main/AndroidManifest.xml:23:9-35:20
	android:label
		ADDED from src/main/AndroidManifest.xml:24:13-46
	android:name
		ADDED from src/main/AndroidManifest.xml:25:13-77
intent-filter#android.intent.category.DEFAULT+com.example.sorayyaniazi.greedysnake.HelpActivity
ADDED from src/main/AndroidManifest.xml:27:13-33:29
action#com.example.sorayyaniazi.greedysnake.HelpActivity
ADDED from src/main/AndroidManifest.xml:29:17-92
	android:name
		ADDED from src/main/AndroidManifest.xml:29:25-89
category#android.intent.category.DEFAULT
ADDED from src/main/AndroidManifest.xml:31:17-76
	android:name
		ADDED from src/main/AndroidManifest.xml:31:27-73
activity#com.example.sorayyaniazi.greedysnake.MenuActivity
ADDED from src/main/AndroidManifest.xml:38:9-50:20
	android:label
		ADDED from src/main/AndroidManifest.xml:39:13-46
	android:name
		ADDED from src/main/AndroidManifest.xml:40:13-77
intent-filter#android.intent.category.DEFAULT+com.example.sorayyaniazi.greedysnake.MenuActivity
ADDED from src/main/AndroidManifest.xml:42:13-48:29
action#com.example.sorayyaniazi.greedysnake.MenuActivity
ADDED from src/main/AndroidManifest.xml:44:17-92
	android:name
		ADDED from src/main/AndroidManifest.xml:44:25-89
activity#com.example.sorayyaniazi.greedysnake.SettingActivity
ADDED from src/main/AndroidManifest.xml:53:9-65:20
	android:label
		ADDED from src/main/AndroidManifest.xml:54:13-46
	android:name
		ADDED from src/main/AndroidManifest.xml:55:13-80
intent-filter#android.intent.category.DEFAULT+com.example.sorayyaniazi.greedysnake.SettingActivity
ADDED from src/main/AndroidManifest.xml:57:13-63:29
action#com.example.sorayyaniazi.greedysnake.SettingActivity
ADDED from src/main/AndroidManifest.xml:59:17-95
	android:name
		ADDED from src/main/AndroidManifest.xml:59:25-92
activity#com.example.sorayyaniazi.greedysnake.SnakeActivity
ADDED from src/main/AndroidManifest.xml:68:9-80:20
	android:label
		ADDED from src/main/AndroidManifest.xml:69:13-46
	android:name
		ADDED from src/main/AndroidManifest.xml:70:13-78
intent-filter#android.intent.category.DEFAULT+com.example.sorayyaniazi.greedysnake.SnakeActivity
ADDED from src/main/AndroidManifest.xml:72:13-78:29
action#com.example.sorayyaniazi.greedysnake.SnakeActivity
ADDED from src/main/AndroidManifest.xml:74:17-93
	android:name
		ADDED from src/main/AndroidManifest.xml:74:25-90
activity#com.example.sorayyaniazi.greedysnake.HighscoreActivity
ADDED from src/main/AndroidManifest.xml:83:9-95:20
	android:label
		ADDED from src/main/AndroidManifest.xml:84:13-46
	android:name
		ADDED from src/main/AndroidManifest.xml:85:13-82
intent-filter#android.intent.category.DEFAULT+com.example.sorayyaniazi.greedysnake.ViewScoreActivity
ADDED from src/main/AndroidManifest.xml:87:13-93:29
action#com.example.sorayyaniazi.greedysnake.ViewScoreActivity
ADDED from src/main/AndroidManifest.xml:89:17-97
	android:name
		ADDED from src/main/AndroidManifest.xml:89:25-94
activity#com.example.sorayyaniazi.greedysnake.ColorActivity
ADDED from src/main/AndroidManifest.xml:98:9-110:20
	android:label
		ADDED from src/main/AndroidManifest.xml:99:13-46
	android:name
		ADDED from src/main/AndroidManifest.xml:100:13-78
intent-filter#android.intent.category.DEFAULT+com.example.sorayyaniazi.greedysnake.ColorActivity
ADDED from src/main/AndroidManifest.xml:102:13-108:29
action#com.example.sorayyaniazi.greedysnake.ColorActivity
ADDED from src/main/AndroidManifest.xml:104:17-93
	android:name
		ADDED from src/main/AndroidManifest.xml:104:25-90
activity#com.example.sorayyaniazi.greedysnake.DifficultyModeActivity
ADDED from src/main/AndroidManifest.xml:113:9-125:20
	android:label
		ADDED from src/main/AndroidManifest.xml:114:13-46
	android:name
		ADDED from src/main/AndroidManifest.xml:115:13-87
intent-filter#android.intent.category.DEFAULT+com.example.sorayyaniazi.greedysnake.DifficultyModeActivity
ADDED from src/main/AndroidManifest.xml:117:13-123:29
action#com.example.sorayyaniazi.greedysnake.DifficultyModeActivity
ADDED from src/main/AndroidManifest.xml:119:17-101
	android:name
		ADDED from src/main/AndroidManifest.xml:119:25-99
activity#com.example.sorayyaniazi.greedysnake.volumeActivity
ADDED from src/main/AndroidManifest.xml:127:9-139:20
	android:label
		ADDED from src/main/AndroidManifest.xml:128:13-46
	android:name
		ADDED from src/main/AndroidManifest.xml:129:13-79
intent-filter#android.intent.category.DEFAULT+com.example.sorayyaniazi.greedysnake.volumeActivity
ADDED from src/main/AndroidManifest.xml:131:13-137:29
action#com.example.sorayyaniazi.greedysnake.volumeActivity
ADDED from src/main/AndroidManifest.xml:133:17-93
	android:name
		ADDED from src/main/AndroidManifest.xml:133:25-91
uses-sdk
INJECTED from src/main/AndroidManifest.xml reason: use-sdk injection requested
MERGED from [com.android.support:appcompat-v7:23.1.0] AndroidManifest.xml:20:5-43
MERGED from [com.android.support:support-v4:23.1.0] AndroidManifest.xml:20:5-43
MERGED from [com.android.support:design:23.1.0] AndroidManifest.xml:20:5-43
MERGED from [com.android.support:appcompat-v7:23.1.0] AndroidManifest.xml:20:5-43
MERGED from [com.android.support:support-v4:23.1.0] AndroidManifest.xml:20:5-43
MERGED from [com.android.support:recyclerview-v7:23.1.0] AndroidManifest.xml:20:5-43
MERGED from [com.android.support:support-v4:23.1.0] AndroidManifest.xml:20:5-43
MERGED from [com.android.support:support-v4:23.1.0] AndroidManifest.xml:20:5-43
	android:targetSdkVersion
		INJECTED from src/main/AndroidManifest.xml
		INJECTED from src/main/AndroidManifest.xml
	android:minSdkVersion
		INJECTED from src/main/AndroidManifest.xml
		INJECTED from src/main/AndroidManifest.xml